libraries/wheel/build/intermediates/manifest_merge_blame_file/release/manifest-merger-blame-release-report.txt
1<?xml version="1.0" encoding="utf-8"?>
2<manifest xmlns:android="http://schemas.android.com/apk/res/android"
3    package="kankan.wheel"
4    android:versionCode="2"
5    android:versionName="2.1" > <!-- <application android:label="Android Wheel Widget"> -->
6    <!-- </application> -->
7    <!-- <uses-sdk android:minSdkVersion="5" android:targetSdkVersion="7"/> -->
8    <uses-sdk
9        android:minSdkVersion="15"
9-->libraries/wheel/AndroidManifest.xml
10        android:targetSdkVersion="28" />
10-->libraries/wheel/AndroidManifest.xml
11
12</manifest>